Performing C SOURCE FILE Test CMAKE_HAVE_LIBC_PTHREAD failed with the following output:
Change Dir: /home/lairobotics/biom_ricciardi_tesi/catkin_ws/build/CMakeFiles/CMakeTmp

Run Build Command(s):/usr/bin/make cmTC_eeb2d/fast && /usr/bin/make -f CMakeFiles/cmTC_eeb2d.dir/build.make CMakeFiles/cmTC_eeb2d.dir/build
make[1]: Entering directory '/home/lairobotics/biom_ricciardi_tesi/catkin_ws/build/CMakeFiles/CMakeTmp'
Building C object CMakeFiles/cmTC_eeb2d.dir/src.c.o
/usr/bin/cc   -DCMAKE_HAVE_LIBC_PTHREAD   -o CMakeFiles/cmTC_eeb2d.dir/src.c.o   -c /home/lairobotics/biom_ricciardi_tesi/catkin_ws/build/CMakeFiles/CMakeTmp/src.c
Linking C executable cmTC_eeb2d
/usr/bin/cmake -E cmake_link_script CMakeFiles/cmTC_eeb2d.dir/link.txt --verbose=1
/usr/bin/cc  -DCMAKE_HAVE_LIBC_PTHREAD    -rdynamic CMakeFiles/cmTC_eeb2d.dir/src.c.o  -o cmTC_eeb2d 
/usr/bin/ld: CMakeFiles/cmTC_eeb2d.dir/src.c.o: in function `main':
src.c:(.text+0x46): undefined reference to `pthread_create'
/usr/bin/ld: src.c:(.text+0x52): undefined reference to `pthread_detach'
/usr/bin/ld: src.c:(.text+0x63): undefined reference to `pthread_join'
collect2: error: ld returned 1 exit status
make[1]: *** [CMakeFiles/cmTC_eeb2d.dir/build.make:87: cmTC_eeb2d] Error 1
make[1]: Leaving directory '/home/lairobotics/biom_ricciardi_tesi/catkin_ws/build/CMakeFiles/CMakeTmp'
make: *** [Makefile:121: cmTC_eeb2d/fast] Error 2


Source file was:
#include <pthread.h>

void* test_func(void* data)
{
  return data;
}

int main(void)
{
  pthread_t thread;
  pthread_create(&thread, NULL, test_func, NULL);
  pthread_detach(thread);
  pthread_join(thread, NULL);
  pthread_atfork(NULL, NULL, NULL);
  pthread_exit(NULL);

  return 0;
}

Determining if the function pthread_create exists in the pthreads failed with the following output:
Change Dir: /home/lairobotics/biom_ricciardi_tesi/catkin_ws/build/CMakeFiles/CMakeTmp

Run Build Command(s):/usr/bin/make cmTC_0d8d4/fast && /usr/bin/make -f CMakeFiles/cmTC_0d8d4.dir/build.make CMakeFiles/cmTC_0d8d4.dir/build
make[1]: Entering directory '/home/lairobotics/biom_ricciardi_tesi/catkin_ws/build/CMakeFiles/CMakeTmp'
Building C object CMakeFiles/cmTC_0d8d4.dir/CheckFunctionExists.c.o
/usr/bin/cc   -DCHECK_FUNCTION_EXISTS=pthread_create   -o CMakeFiles/cmTC_0d8d4.dir/CheckFunctionExists.c.o   -c /usr/share/cmake-3.16/Modules/CheckFunctionExists.c
Linking C executable cmTC_0d8d4
/usr/bin/cmake -E cmake_link_script CMakeFiles/cmTC_0d8d4.dir/link.txt --verbose=1
/usr/bin/cc  -DCHECK_FUNCTION_EXISTS=pthread_create    -rdynamic CMakeFiles/cmTC_0d8d4.dir/CheckFunctionExists.c.o  -o cmTC_0d8d4  -lpthreads 
/usr/bin/ld: cannot find -lpthreads
collect2: error: ld returned 1 exit status
make[1]: *** [CMakeFiles/cmTC_0d8d4.dir/build.make:87: cmTC_0d8d4] Error 1
make[1]: Leaving directory '/home/lairobotics/biom_ricciardi_tesi/catkin_ws/build/CMakeFiles/CMakeTmp'
make: *** [Makefile:121: cmTC_0d8d4/fast] Error 2



Determining if the function sgemm_ exists failed with the following output:
Change Dir: /home/lairobotics/biom_ricciardi_tesi/catkin_ws/build/CMakeFiles/CMakeTmp

Run Build Command(s):/usr/bin/make cmTC_403a7/fast && /usr/bin/make -f CMakeFiles/cmTC_403a7.dir/build.make CMakeFiles/cmTC_403a7.dir/build
make[1]: Entering directory '/home/lairobotics/biom_ricciardi_tesi/catkin_ws/build/CMakeFiles/CMakeTmp'
Building C object CMakeFiles/cmTC_403a7.dir/CheckFunctionExists.c.o
/usr/bin/cc   -DCHECK_FUNCTION_EXISTS=sgemm_   -o CMakeFiles/cmTC_403a7.dir/CheckFunctionExists.c.o   -c /usr/share/cmake-3.16/Modules/CheckFunctionExists.c
Linking C executable cmTC_403a7
/usr/bin/cmake -E cmake_link_script CMakeFiles/cmTC_403a7.dir/link.txt --verbose=1
/usr/bin/cc  -DCHECK_FUNCTION_EXISTS=sgemm_    -rdynamic CMakeFiles/cmTC_403a7.dir/CheckFunctionExists.c.o  -o cmTC_403a7 
/usr/bin/ld: CMakeFiles/cmTC_403a7.dir/CheckFunctionExists.c.o: in function `main':
CheckFunctionExists.c:(.text+0x14): undefined reference to `sgemm_'
collect2: error: ld returned 1 exit status
make[1]: *** [CMakeFiles/cmTC_403a7.dir/build.make:87: cmTC_403a7] Error 1
make[1]: Leaving directory '/home/lairobotics/biom_ricciardi_tesi/catkin_ws/build/CMakeFiles/CMakeTmp'
make: *** [Makefile:121: cmTC_403a7/fast] Error 2



Determining if the function cheev_ exists failed with the following output:
Change Dir: /home/lairobotics/biom_ricciardi_tesi/catkin_ws/build/CMakeFiles/CMakeTmp

Run Build Command(s):/usr/bin/make cmTC_d1bfd/fast && /usr/bin/make -f CMakeFiles/cmTC_d1bfd.dir/build.make CMakeFiles/cmTC_d1bfd.dir/build
make[1]: Entering directory '/home/lairobotics/biom_ricciardi_tesi/catkin_ws/build/CMakeFiles/CMakeTmp'
Building C object CMakeFiles/cmTC_d1bfd.dir/CheckFunctionExists.c.o
/usr/bin/cc   -DCHECK_FUNCTION_EXISTS=cheev_   -o CMakeFiles/cmTC_d1bfd.dir/CheckFunctionExists.c.o   -c /usr/share/cmake-3.16/Modules/CheckFunctionExists.c
Linking C executable cmTC_d1bfd
/usr/bin/cmake -E cmake_link_script CMakeFiles/cmTC_d1bfd.dir/link.txt --verbose=1
/usr/bin/cc  -DCHECK_FUNCTION_EXISTS=cheev_    -rdynamic CMakeFiles/cmTC_d1bfd.dir/CheckFunctionExists.c.o  -o cmTC_d1bfd  /usr/lib/x86_64-linux-gnu/libf77blas.so /usr/lib/x86_64-linux-gnu/libatlas.so 
/usr/bin/ld: CMakeFiles/cmTC_d1bfd.dir/CheckFunctionExists.c.o: in function `main':
CheckFunctionExists.c:(.text+0x14): undefined reference to `cheev_'
collect2: error: ld returned 1 exit status
make[1]: *** [CMakeFiles/cmTC_d1bfd.dir/build.make:89: cmTC_d1bfd] Error 1
make[1]: Leaving directory '/home/lairobotics/biom_ricciardi_tesi/catkin_ws/build/CMakeFiles/CMakeTmp'
make: *** [Makefile:121: cmTC_d1bfd/fast] Error 2



